# audit_simulated_access.log (JSONL)
# Each non-comment line is a JSON object.
# Focus: group memberships and access events to detect rule breakers.
# Admin groups: UNIX/WINDOWS/ORACLE. Outliers include some U/S/T accounts and cross-admin A accounts.
{"ts":"2026-02-26T08:00:00Z","event_type":"GROUP_MEMBERSHIP_ADD","source":"iam-provisioning","actor":"idm-sync","user_id":"u-udax","user_type":"U","given_abbr":"JO","family_abbr":"ME","group":"ENTERPRISE EMPLOYEE ACCESS","result":"SUCCESS"}
{"ts":"2026-02-26T08:00:09Z","event_type":"GROUP_MEMBERSHIP_ADD","source":"iam-provisioning","actor":"idm-sync","user_id":"u-udax","user_type":"U","given_abbr":"JO","family_abbr":"ME","group":"FINANCE OPERATIONS TEAM","result":"SUCCESS"}
{"ts":"2026-02-26T08:00:23Z","event_type":"GROUP_MEMBERSHIP_ADD","source":"iam-provisioning","actor":"idm-sync","user_id":"u-ihhe","user_type":"U","given_abbr":"AL","family_abbr":"RO","group":"ENTERPRISE EMPLOYEE ACCESS","result":"SUCCESS"}
{"ts":"2026-02-26T08:00:35Z","event_type":"GROUP_MEMBERSHIP_ADD","source":"iam-provisioning","actor":"idm-sync","user_id":"u-ihhe","user_type":"U","given_abbr":"AL","family_abbr":"RO","group":"CUSTOMER SERVICE UNIT","result":"SUCCESS"}
{"ts":"2026-02-26T08:00:50Z","event_type":"GROUP_MEMBERSHIP_ADD","source":"iam-provisioning","actor":"idm-sync","user_id":"u-xdvx","user_type":"U","given_abbr":"MA","family_abbr":"SC","group":"ENTERPRISE EMPLOYEE ACCESS","result":"SUCCESS"}
{"ts":"2026-02-26T08:01:08Z","event_type":"GROUP_MEMBERSHIP_ADD","source":"iam-provisioning","actor":"idm-sync","user_id":"u-xdvx","user_type":"U","given_abbr":"MA","family_abbr":"SC","group":"SOFTWARE DELIVERY SQUAD","result":"SUCCESS"}
{"ts":"2026-02-26T08:01:21Z","event_type":"GROUP_MEMBERSHIP_ADD","source":"iam-provisioning","actor":"idm-sync","user_id":"u-rcsn","user_type":"U","given_abbr":"LU","family_abbr":"BI","group":"ENTERPRISE EMPLOYEE ACCESS","result":"SUCCESS"}
{"ts":"2026-02-26T08:01:31Z","event_type":"GROUP_MEMBERSHIP_ADD","source":"iam-provisioning","actor":"idm-sync","user_id":"u-rcsn","user_type":"U","given_abbr":"LU","family_abbr":"BI","group":"RISK MANAGEMENT OFFICE","result":"SUCCESS"}
{"ts":"2026-02-26T08:01:44Z","event_type":"GROUP_MEMBERSHIP_ADD","source":"iam-provisioning","actor":"idm-sync","user_id":"u-bacg","user_type":"U","given_abbr":"SO","family_abbr":"WE","group":"ENTERPRISE EMPLOYEE ACCESS","result":"SUCCESS"}
{"ts":"2026-02-26T08:01:57Z","event_type":"GROUP_MEMBERSHIP_ADD","source":"iam-provisioning","actor":"idm-sync","user_id":"u-bacg","user_type":"U","given_abbr":"SO","family_abbr":"WE","group":"DATA ANALYTICS HUB","result":"SUCCESS"}
{"ts":"2026-02-26T08:02:08Z","event_type":"GROUP_MEMBERSHIP_ADD","source":"iam-provisioning","actor":"idm-sync","user_id":"u-hqta","user_type":"U","given_abbr":"DA","family_abbr":"LI","group":"ENTERPRISE EMPLOYEE ACCESS","result":"SUCCESS"}
{"ts":"2026-02-26T08:02:26Z","event_type":"GROUP_MEMBERSHIP_ADD","source":"iam-provisioning","actor":"idm-sync","user_id":"u-hqta","user_type":"U","given_abbr":"DA","family_abbr":"LI","group":"FINANCE OPERATIONS TEAM","result":"SUCCESS"}
{"ts":"2026-02-26T08:02:38Z","event_type":"GROUP_MEMBERSHIP_ADD","source":"iam-provisioning","actor":"idm-sync","user_id":"u-rgwu","user_type":"U","given_abbr":"KA","family_abbr":"NO","group":"ENTERPRISE EMPLOYEE ACCESS","result":"SUCCESS"}
{"ts":"2026-02-26T08:02:57Z","event_type":"GROUP_MEMBERSHIP_ADD","source":"iam-provisioning","actor":"idm-sync","user_id":"u-rgwu","user_type":"U","given_abbr":"KA","family_abbr":"NO","group":"CUSTOMER SERVICE UNIT","result":"SUCCESS"}
{"ts":"2026-02-26T08:03:15Z","event_type":"GROUP_MEMBERSHIP_ADD","source":"iam-provisioning","actor":"idm-sync","user_id":"u-wrnh","user_type":"U","given_abbr":"PA","family_abbr":"DE","group":"ENTERPRISE EMPLOYEE ACCESS","result":"SUCCESS"}
{"ts":"2026-02-26T08:03:33Z","event_type":"GROUP_MEMBERSHIP_ADD","source":"iam-provisioning","actor":"idm-sync","user_id":"u-wrnh","user_type":"U","given_abbr":"PA","family_abbr":"DE","group":"SOFTWARE DELIVERY SQUAD","result":"SUCCESS"}
{"ts":"2026-02-26T08:03:42Z","event_type":"GROUP_MEMBERSHIP_ADD","source":"iam-provisioning","actor":"idm-sync","user_id":"u-osiz","user_type":"U","given_abbr":"EM","family_abbr":"FO","group":"ENTERPRISE EMPLOYEE ACCESS","result":"SUCCESS"}
{"ts":"2026-02-26T08:03:59Z","event_type":"GROUP_MEMBERSHIP_ADD","source":"iam-provisioning","actor":"idm-sync","user_id":"u-osiz","user_type":"U","given_abbr":"EM","family_abbr":"FO","group":"RISK MANAGEMENT OFFICE","result":"SUCCESS"}
{"ts":"2026-02-26T08:04:17Z","event_type":"GROUP_MEMBERSHIP_ADD","source":"iam-provisioning","actor":"idm-sync","user_id":"u-ayzf","user_type":"U","given_abbr":"NI","family_abbr":"BA","group":"ENTERPRISE EMPLOYEE ACCESS","result":"SUCCESS"}
{"ts":"2026-02-26T08:04:27Z","event_type":"GROUP_MEMBERSHIP_ADD","source":"iam-provisioning","actor":"idm-sync","user_id":"u-ayzf","user_type":"U","given_abbr":"NI","family_abbr":"BA","group":"DATA ANALYTICS HUB","result":"SUCCESS"}
{"ts":"2026-02-26T08:04:43Z","event_type":"GROUP_MEMBERSHIP_ADD","source":"iam-provisioning","actor":"idm-sync","user_id":"u-wnki","user_type":"U","given_abbr":"RA","family_abbr":"SI","group":"ENTERPRISE EMPLOYEE ACCESS","result":"SUCCESS"}
{"ts":"2026-02-26T08:05:02Z","event_type":"GROUP_MEMBERSHIP_ADD","source":"iam-provisioning","actor":"idm-sync","user_id":"u-wnki","user_type":"U","given_abbr":"RA","family_abbr":"SI","group":"FINANCE OPERATIONS TEAM","result":"SUCCESS"}
{"ts":"2026-02-26T08:05:13Z","event_type":"GROUP_MEMBERSHIP_ADD","source":"iam-provisioning","actor":"idm-sync","user_id":"u-egyk","user_type":"U","given_abbr":"GI","family_abbr":"PO","group":"ENTERPRISE EMPLOYEE ACCESS","result":"SUCCESS"}
{"ts":"2026-02-26T08:05:23Z","event_type":"GROUP_MEMBERSHIP_ADD","source":"iam-provisioning","actor":"idm-sync","user_id":"u-egyk","user_type":"U","given_abbr":"GI","family_abbr":"PO","group":"CUSTOMER SERVICE UNIT","result":"SUCCESS"}
{"ts":"2026-02-26T08:05:38Z","event_type":"GROUP_MEMBERSHIP_ADD","source":"iam-provisioning","actor":"idm-sync","user_id":"u-dcmd","user_type":"U","given_abbr":"AN","family_abbr":"KO","group":"ENTERPRISE EMPLOYEE ACCESS","result":"SUCCESS"}
{"ts":"2026-02-26T08:05:52Z","event_type":"GROUP_MEMBERSHIP_ADD","source":"iam-provisioning","actor":"idm-sync","user_id":"u-dcmd","user_type":"U","given_abbr":"AN","family_abbr":"KO","group":"SOFTWARE DELIVERY SQUAD","result":"SUCCESS"}
{"ts":"2026-02-26T08:06:04Z","event_type":"GROUP_MEMBERSHIP_ADD","source":"iam-provisioning","actor":"idm-sync","user_id":"u-llti","user_type":"U","given_abbr":"FE","family_abbr":"RU","group":"ENTERPRISE EMPLOYEE ACCESS","result":"SUCCESS"}
{"ts":"2026-02-26T08:06:22Z","event_type":"GROUP_MEMBERSHIP_ADD","source":"iam-provisioning","actor":"idm-sync","user_id":"u-llti","user_type":"U","given_abbr":"FE","family_abbr":"RU","group":"RISK MANAGEMENT OFFICE","result":"SUCCESS"}
{"ts":"2026-02-26T08:06:41Z","event_type":"GROUP_MEMBERSHIP_ADD","source":"iam-provisioning","actor":"idm-sync","user_id":"u-zbxo","user_type":"U","given_abbr":"MI","family_abbr":"ZH","group":"ENTERPRISE EMPLOYEE ACCESS","result":"SUCCESS"}
{"ts":"2026-02-26T08:06:57Z","event_type":"GROUP_MEMBERSHIP_ADD","source":"iam-provisioning","actor":"idm-sync","user_id":"u-zbxo","user_type":"U","given_abbr":"MI","family_abbr":"ZH","group":"DATA ANALYTICS HUB","result":"SUCCESS"}
{"ts":"2026-02-26T08:07:08Z","event_type":"GROUP_MEMBERSHIP_ADD","source":"iam-provisioning","actor":"idm-sync","user_id":"u-rdmc","user_type":"U","given_abbr":"EL","family_abbr":"HA","group":"ENTERPRISE EMPLOYEE ACCESS","result":"SUCCESS"}
{"ts":"2026-02-26T08:07:26Z","event_type":"GROUP_MEMBERSHIP_ADD","source":"iam-provisioning","actor":"idm-sync","user_id":"u-rdmc","user_type":"U","given_abbr":"EL","family_abbr":"HA","group":"FINANCE OPERATIONS TEAM","result":"SUCCESS"}
{"ts":"2026-02-26T08:07:39Z","event_type":"GROUP_MEMBERSHIP_ADD","source":"iam-provisioning","actor":"idm-sync","user_id":"u-rjut","user_type":"U","given_abbr":"TO","family_abbr":"GR","group":"ENTERPRISE EMPLOYEE ACCESS","result":"SUCCESS"}
{"ts":"2026-02-26T08:07:59Z","event_type":"GROUP_MEMBERSHIP_ADD","source":"iam-provisioning","actor":"idm-sync","user_id":"u-rjut","user_type":"U","given_abbr":"TO","family_abbr":"GR","group":"CUSTOMER SERVICE UNIT","result":"SUCCESS"}
{"ts":"2026-02-26T08:08:19Z","event_type":"GROUP_MEMBERSHIP_ADD","source":"iam-provisioning","actor":"idm-sync","user_id":"u-lsgw","user_type":"U","given_abbr":"CH","family_abbr":"MU","group":"ENTERPRISE EMPLOYEE ACCESS","result":"SUCCESS"}
{"ts":"2026-02-26T08:08:27Z","event_type":"GROUP_MEMBERSHIP_ADD","source":"iam-provisioning","actor":"idm-sync","user_id":"u-lsgw","user_type":"U","given_abbr":"CH","family_abbr":"MU","group":"SOFTWARE DELIVERY SQUAD","result":"SUCCESS"}
{"ts":"2026-02-26T08:08:38Z","event_type":"GROUP_MEMBERSHIP_ADD","source":"iam-provisioning","actor":"idm-sync","user_id":"u-cbvh","user_type":"U","given_abbr":"IV","family_abbr":"LA","group":"ENTERPRISE EMPLOYEE ACCESS","result":"SUCCESS"}
{"ts":"2026-02-26T08:08:46Z","event_type":"GROUP_MEMBERSHIP_ADD","source":"iam-provisioning","actor":"idm-sync","user_id":"u-cbvh","user_type":"U","given_abbr":"IV","family_abbr":"LA","group":"RISK MANAGEMENT OFFICE","result":"SUCCESS"}
{"ts":"2026-02-26T08:09:06Z","event_type":"GROUP_MEMBERSHIP_ADD","source":"iam-provisioning","actor":"idm-sync","user_id":"u-yjch","user_type":"U","given_abbr":"BE","family_abbr":"DO","group":"ENTERPRISE EMPLOYEE ACCESS","result":"SUCCESS"}
{"ts":"2026-02-26T08:09:19Z","event_type":"GROUP_MEMBERSHIP_ADD","source":"iam-provisioning","actor":"idm-sync","user_id":"u-yjch","user_type":"U","given_abbr":"BE","family_abbr":"DO","group":"DATA ANALYTICS HUB","result":"SUCCESS"}
{"ts":"2026-02-26T08:09:33Z","event_type":"GROUP_MEMBERSHIP_ADD","source":"iam-provisioning","actor":"idm-sync","user_id":"a-krnl","user_type":"A","given_abbr":"KE","family_abbr":"RN","group":"ENTERPRISE EMPLOYEE ACCESS","result":"SUCCESS"}
{"ts":"2026-02-26T08:09:45Z","event_type":"GROUP_MEMBERSHIP_ADD","source":"iam-provisioning","actor":"idm-sync","user_id":"a-krnl","user_type":"A","given_abbr":"KE","family_abbr":"RN","group":"UNIX SYSTEM ADMINISTRATORS","result":"SUCCESS"}
{"ts":"2026-02-26T08:09:54Z","event_type":"GROUP_MEMBERSHIP_ADD","source":"iam-provisioning","actor":"idm-sync","user_id":"a-root","user_type":"A","given_abbr":"RO","family_abbr":"OT","group":"ENTERPRISE EMPLOYEE ACCESS","result":"SUCCESS"}
{"ts":"2026-02-26T08:10:05Z","event_type":"GROUP_MEMBERSHIP_ADD","source":"iam-provisioning","actor":"idm-sync","user_id":"a-root","user_type":"A","given_abbr":"RO","family_abbr":"OT","group":"UNIX SYSTEM ADMINISTRATORS","result":"SUCCESS"}
{"ts":"2026-02-26T08:10:22Z","event_type":"GROUP_MEMBERSHIP_ADD","source":"iam-provisioning","actor":"idm-sync","user_id":"a-sadm","user_type":"A","given_abbr":"SY","family_abbr":"AD","group":"ENTERPRISE EMPLOYEE ACCESS","result":"SUCCESS"}
{"ts":"2026-02-26T08:10:41Z","event_type":"GROUP_MEMBERSHIP_ADD","source":"iam-provisioning","actor":"idm-sync","user_id":"a-sadm","user_type":"A","given_abbr":"SY","family_abbr":"AD","group":"UNIX SYSTEM ADMINISTRATORS","result":"SUCCESS"}
{"ts":"2026-02-26T08:10:54Z","event_type":"GROUP_MEMBERSHIP_ADD","source":"iam-provisioning","actor":"idm-sync","user_id":"a-unix","user_type":"A","given_abbr":"UN","family_abbr":"IX","group":"ENTERPRISE EMPLOYEE ACCESS","result":"SUCCESS"}
{"ts":"2026-02-26T08:11:05Z","event_type":"GROUP_MEMBERSHIP_ADD","source":"iam-provisioning","actor":"idm-sync","user_id":"a-unix","user_type":"A","given_abbr":"UN","family_abbr":"IX","group":"UNIX SYSTEM ADMINISTRATORS","result":"SUCCESS"}
{"ts":"2026-02-26T08:11:23Z","event_type":"GROUP_MEMBERSHIP_ADD","source":"iam-provisioning","actor":"idm-sync","user_id":"a-ops1","user_type":"A","given_abbr":"OP","family_abbr":"SI","group":"ENTERPRISE EMPLOYEE ACCESS","result":"SUCCESS"}
{"ts":"2026-02-26T08:11:38Z","event_type":"GROUP_MEMBERSHIP_ADD","source":"iam-provisioning","actor":"idm-sync","user_id":"a-ops1","user_type":"A","given_abbr":"OP","family_abbr":"SI","group":"UNIX SYSTEM ADMINISTRATORS","result":"SUCCESS"}
{"ts":"2026-02-26T08:11:52Z","event_type":"GROUP_MEMBERSHIP_ADD","source":"iam-provisioning","actor":"idm-sync","user_id":"a-ops2","user_type":"A","given_abbr":"OP","family_abbr":"SII","group":"ENTERPRISE EMPLOYEE ACCESS","result":"SUCCESS"}
{"ts":"2026-02-26T08:12:10Z","event_type":"GROUP_MEMBERSHIP_ADD","source":"iam-provisioning","actor":"idm-sync","user_id":"a-ops2","user_type":"A","given_abbr":"OP","family_abbr":"SII","group":"UNIX SYSTEM ADMINISTRATORS","result":"SUCCESS"}
{"ts":"2026-02-26T08:12:25Z","event_type":"GROUP_MEMBERSHIP_ADD","source":"iam-provisioning","actor":"idm-sync","user_id":"x-win1","user_type":"X","given_abbr":"WI","family_abbr":"NA","group":"ENTERPRISE EMPLOYEE ACCESS","result":"SUCCESS"}
{"ts":"2026-02-26T08:12:35Z","event_type":"GROUP_MEMBERSHIP_ADD","source":"iam-provisioning","actor":"idm-sync","user_id":"x-win1","user_type":"X","given_abbr":"WI","family_abbr":"NA","group":"WINDOWS SYSTEM ADMINISTRATORS","result":"SUCCESS"}
{"ts":"2026-02-26T08:12:47Z","event_type":"GROUP_MEMBERSHIP_ADD","source":"iam-provisioning","actor":"idm-sync","user_id":"x-win2","user_type":"X","given_abbr":"WI","family_abbr":"NB","group":"ENTERPRISE EMPLOYEE ACCESS","result":"SUCCESS"}
{"ts":"2026-02-26T08:12:57Z","event_type":"GROUP_MEMBERSHIP_ADD","source":"iam-provisioning","actor":"idm-sync","user_id":"x-win2","user_type":"X","given_abbr":"WI","family_abbr":"NB","group":"WINDOWS SYSTEM ADMINISTRATORS","result":"SUCCESS"}
{"ts":"2026-02-26T08:13:08Z","event_type":"GROUP_MEMBERSHIP_ADD","source":"iam-provisioning","actor":"idm-sync","user_id":"x-dom1","user_type":"X","given_abbr":"DO","family_abbr":"MA","group":"ENTERPRISE EMPLOYEE ACCESS","result":"SUCCESS"}
{"ts":"2026-02-26T08:13:27Z","event_type":"GROUP_MEMBERSHIP_ADD","source":"iam-provisioning","actor":"idm-sync","user_id":"x-dom1","user_type":"X","given_abbr":"DO","family_abbr":"MA","group":"WINDOWS SYSTEM ADMINISTRATORS","result":"SUCCESS"}
{"ts":"2026-02-26T08:13:43Z","event_type":"GROUP_MEMBERSHIP_ADD","source":"iam-provisioning","actor":"idm-sync","user_id":"x-dom2","user_type":"X","given_abbr":"DO","family_abbr":"MB","group":"ENTERPRISE EMPLOYEE ACCESS","result":"SUCCESS"}
{"ts":"2026-02-26T08:13:59Z","event_type":"GROUP_MEMBERSHIP_ADD","source":"iam-provisioning","actor":"idm-sync","user_id":"x-dom2","user_type":"X","given_abbr":"DO","family_abbr":"MB","group":"WINDOWS SYSTEM ADMINISTRATORS","result":"SUCCESS"}
{"ts":"2026-02-26T08:14:11Z","event_type":"GROUP_MEMBERSHIP_ADD","source":"iam-provisioning","actor":"idm-sync","user_id":"x-admn","user_type":"X","given_abbr":"AD","family_abbr":"MN","group":"ENTERPRISE EMPLOYEE ACCESS","result":"SUCCESS"}
{"ts":"2026-02-26T08:14:30Z","event_type":"GROUP_MEMBERSHIP_ADD","source":"iam-provisioning","actor":"idm-sync","user_id":"x-admn","user_type":"X","given_abbr":"AD","family_abbr":"MN","group":"WINDOWS SYSTEM ADMINISTRATORS","result":"SUCCESS"}
{"ts":"2026-02-26T08:14:47Z","event_type":"GROUP_MEMBERSHIP_ADD","source":"iam-provisioning","actor":"idm-sync","user_id":"x-secu","user_type":"X","given_abbr":"SE","family_abbr":"CU","group":"ENTERPRISE EMPLOYEE ACCESS","result":"SUCCESS"}
{"ts":"2026-02-26T08:15:01Z","event_type":"GROUP_MEMBERSHIP_ADD","source":"iam-provisioning","actor":"idm-sync","user_id":"x-secu","user_type":"X","given_abbr":"SE","family_abbr":"CU","group":"WINDOWS SYSTEM ADMINISTRATORS","result":"SUCCESS"}
{"ts":"2026-02-26T08:15:18Z","event_type":"GROUP_MEMBERSHIP_ADD","source":"iam-provisioning","actor":"idm-sync","user_id":"o-dba1","user_type":"O","given_abbr":"DB","family_abbr":"A1","group":"ENTERPRISE EMPLOYEE ACCESS","result":"SUCCESS"}
{"ts":"2026-02-26T08:15:32Z","event_type":"GROUP_MEMBERSHIP_ADD","source":"iam-provisioning","actor":"idm-sync","user_id":"o-dba1","user_type":"O","given_abbr":"DB","family_abbr":"A1","group":"ORACLE DATABASE ADMINISTRATORS","result":"SUCCESS"}
{"ts":"2026-02-26T08:15:45Z","event_type":"GROUP_MEMBERSHIP_ADD","source":"iam-provisioning","actor":"idm-sync","user_id":"o-dba2","user_type":"O","given_abbr":"DB","family_abbr":"A2","group":"ENTERPRISE EMPLOYEE ACCESS","result":"SUCCESS"}
{"ts":"2026-02-26T08:15:56Z","event_type":"GROUP_MEMBERSHIP_ADD","source":"iam-provisioning","actor":"idm-sync","user_id":"o-dba2","user_type":"O","given_abbr":"DB","family_abbr":"A2","group":"ORACLE DATABASE ADMINISTRATORS","result":"SUCCESS"}
{"ts":"2026-02-26T08:16:06Z","event_type":"GROUP_MEMBERSHIP_ADD","source":"iam-provisioning","actor":"idm-sync","user_id":"o-orcl","user_type":"O","given_abbr":"OR","family_abbr":"CL","group":"ENTERPRISE EMPLOYEE ACCESS","result":"SUCCESS"}
{"ts":"2026-02-26T08:16:22Z","event_type":"GROUP_MEMBERSHIP_ADD","source":"iam-provisioning","actor":"idm-sync","user_id":"o-orcl","user_type":"O","given_abbr":"OR","family_abbr":"CL","group":"ORACLE DATABASE ADMINISTRATORS","result":"SUCCESS"}
{"ts":"2026-02-26T08:16:37Z","event_type":"GROUP_MEMBERSHIP_ADD","source":"iam-provisioning","actor":"idm-sync","user_id":"o-data","user_type":"O","given_abbr":"DA","family_abbr":"TA","group":"ENTERPRISE EMPLOYEE ACCESS","result":"SUCCESS"}
{"ts":"2026-02-26T08:16:46Z","event_type":"GROUP_MEMBERSHIP_ADD","source":"iam-provisioning","actor":"idm-sync","user_id":"o-data","user_type":"O","given_abbr":"DA","family_abbr":"TA","group":"ORACLE DATABASE ADMINISTRATORS","result":"SUCCESS"}
{"ts":"2026-02-26T08:17:06Z","event_type":"GROUP_MEMBERSHIP_ADD","source":"iam-provisioning","actor":"idm-sync","user_id":"o-prod","user_type":"O","given_abbr":"PR","family_abbr":"OD","group":"ENTERPRISE EMPLOYEE ACCESS","result":"SUCCESS"}
{"ts":"2026-02-26T08:17:14Z","event_type":"GROUP_MEMBERSHIP_ADD","source":"iam-provisioning","actor":"idm-sync","user_id":"o-prod","user_type":"O","given_abbr":"PR","family_abbr":"OD","group":"ORACLE DATABASE ADMINISTRATORS","result":"SUCCESS"}
{"ts":"2026-02-26T08:17:23Z","event_type":"GROUP_MEMBERSHIP_ADD","source":"iam-provisioning","actor":"idm-sync","user_id":"o-test","user_type":"O","given_abbr":"TE","family_abbr":"ST","group":"ENTERPRISE EMPLOYEE ACCESS","result":"SUCCESS"}
{"ts":"2026-02-26T08:17:33Z","event_type":"GROUP_MEMBERSHIP_ADD","source":"iam-provisioning","actor":"idm-sync","user_id":"o-test","user_type":"O","given_abbr":"TE","family_abbr":"ST","group":"ORACLE DATABASE ADMINISTRATORS","result":"SUCCESS"}
{"ts":"2026-02-26T08:17:51Z","event_type":"GROUP_MEMBERSHIP_ADD","source":"iam-provisioning","actor":"idm-sync","user_id":"s-app1","user_type":"S","given_abbr":"SH","family_abbr":"01","group":"SHARED SERVICE ACCOUNTS","result":"SUCCESS"}
{"ts":"2026-02-26T08:18:01Z","event_type":"GROUP_MEMBERSHIP_ADD","source":"iam-provisioning","actor":"idm-sync","user_id":"s-app2","user_type":"S","given_abbr":"SH","family_abbr":"02","group":"SHARED SERVICE ACCOUNTS","result":"SUCCESS"}
{"ts":"2026-02-26T08:18:21Z","event_type":"GROUP_MEMBERSHIP_ADD","source":"iam-provisioning","actor":"idm-sync","user_id":"s-etlj","user_type":"S","given_abbr":"SH","family_abbr":"03","group":"SHARED SERVICE ACCOUNTS","result":"SUCCESS"}
{"ts":"2026-02-26T08:18:39Z","event_type":"GROUP_MEMBERSHIP_ADD","source":"iam-provisioning","actor":"idm-sync","user_id":"s-batch","user_type":"S","given_abbr":"SH","family_abbr":"04","group":"SHARED SERVICE ACCOUNTS","result":"SUCCESS"}
{"ts":"2026-02-26T08:18:53Z","event_type":"GROUP_MEMBERSHIP_ADD","source":"iam-provisioning","actor":"idm-sync","user_id":"s-svc1","user_type":"S","given_abbr":"SH","family_abbr":"05","group":"SHARED SERVICE ACCOUNTS","result":"SUCCESS"}
{"ts":"2026-02-26T08:19:10Z","event_type":"GROUP_MEMBERSHIP_ADD","source":"iam-provisioning","actor":"idm-sync","user_id":"s-svc2","user_type":"S","given_abbr":"SH","family_abbr":"06","group":"SHARED SERVICE ACCOUNTS","result":"SUCCESS"}
{"ts":"2026-02-26T08:19:19Z","event_type":"GROUP_MEMBERSHIP_ADD","source":"iam-provisioning","actor":"idm-sync","user_id":"t-back","user_type":"T","given_abbr":"TE","family_abbr":"01","group":"TECHNICAL SERVICE ACCOUNTS","result":"SUCCESS"}
{"ts":"2026-02-26T08:19:33Z","event_type":"GROUP_MEMBERSHIP_ADD","source":"iam-provisioning","actor":"idm-sync","user_id":"t-moni","user_type":"T","given_abbr":"TE","family_abbr":"02","group":"TECHNICAL SERVICE ACCOUNTS","result":"SUCCESS"}
{"ts":"2026-02-26T08:19:47Z","event_type":"GROUP_MEMBERSHIP_ADD","source":"iam-provisioning","actor":"idm-sync","user_id":"t-orch","user_type":"T","given_abbr":"TE","family_abbr":"03","group":"TECHNICAL SERVICE ACCOUNTS","result":"SUCCESS"}
{"ts":"2026-02-26T08:20:04Z","event_type":"GROUP_MEMBERSHIP_ADD","source":"iam-provisioning","actor":"idm-sync","user_id":"t-kafk","user_type":"T","given_abbr":"TE","family_abbr":"04","group":"TECHNICAL SERVICE ACCOUNTS","result":"SUCCESS"}
{"ts":"2026-02-26T08:20:19Z","event_type":"GROUP_MEMBERSHIP_ADD","source":"iam-provisioning","actor":"idm-sync","user_id":"t-ci01","user_type":"T","given_abbr":"TE","family_abbr":"05","group":"TECHNICAL SERVICE ACCOUNTS","result":"SUCCESS"}
{"ts":"2026-02-26T08:20:35Z","event_type":"GROUP_MEMBERSHIP_ADD","source":"iam-provisioning","actor":"idm-sync","user_id":"t-ci02","user_type":"T","given_abbr":"TE","family_abbr":"06","group":"TECHNICAL SERVICE ACCOUNTS","result":"SUCCESS"}
{"ts":"2026-02-26T08:20:47Z","event_type":"GROUP_MEMBERSHIP_ADD","source":"iam-provisioning","actor":"idm-sync","user_id":"t-sec1","user_type":"T","given_abbr":"TE","family_abbr":"07","group":"TECHNICAL SERVICE ACCOUNTS","result":"SUCCESS"}
{"ts":"2026-02-26T08:21:03Z","event_type":"GROUP_MEMBERSHIP_ADD","source":"iam-provisioning","actor":"idm-sync","user_id":"t-sec2","user_type":"T","given_abbr":"TE","family_abbr":"08","group":"TECHNICAL SERVICE ACCOUNTS","result":"SUCCESS"}
{"ts":"2026-02-26T08:21:11Z","event_type":"GROUP_MEMBERSHIP_ADD","source":"iam-provisioning","actor":"idm-sync","user_id":"u-rcsn","user_type":"U","given_abbr":"LU","family_abbr":"BI","group":"WINDOWS SYSTEM ADMINISTRATORS","result":"SUCCESS"}
{"ts":"2026-02-26T08:21:29Z","event_type":"GROUP_MEMBERSHIP_ADD","source":"iam-provisioning","actor":"idm-sync","user_id":"u-zbxo","user_type":"U","given_abbr":"MI","family_abbr":"ZH","group":"UNIX SYSTEM ADMINISTRATORS","result":"SUCCESS"}
{"ts":"2026-02-26T08:21:48Z","event_type":"GROUP_MEMBERSHIP_ADD","source":"iam-provisioning","actor":"idm-sync","user_id":"a-krnl","user_type":"A","given_abbr":"KE","family_abbr":"RN","group":"WINDOWS SYSTEM ADMINISTRATORS","result":"SUCCESS"}
{"ts":"2026-02-26T08:21:57Z","event_type":"GROUP_MEMBERSHIP_ADD","source":"iam-provisioning","actor":"idm-sync","user_id":"a-sadm","user_type":"A","given_abbr":"SY","family_abbr":"AD","group":"ORACLE DATABASE ADMINISTRATORS","result":"SUCCESS"}
{"ts":"2026-02-26T08:22:15Z","event_type":"GROUP_MEMBERSHIP_ADD","source":"iam-provisioning","actor":"idm-sync","user_id":"s-app2","user_type":"S","given_abbr":"SH","family_abbr":"02","group":"UNIX SYSTEM ADMINISTRATORS","result":"SUCCESS"}
{"ts":"2026-02-26T08:22:31Z","event_type":"GROUP_MEMBERSHIP_ADD","source":"iam-provisioning","actor":"idm-sync","user_id":"t-back","user_type":"T","given_abbr":"TE","family_abbr":"01","group":"WINDOWS SYSTEM ADMINISTRATORS","result":"SUCCESS"}
{"ts":"2026-02-26T08:22:51Z","event_type":"GROUP_MEMBERSHIP_ADD","source":"iam-provisioning","actor":"idm-sync","user_id":"t-orch","user_type":"T","given_abbr":"TE","family_abbr":"03","group":"ORACLE DATABASE ADMINISTRATORS","result":"SUCCESS"}
{"ts":"2026-02-26T08:23:03Z","event_type":"AUTH_LOGIN","source":"auth-gateway","user_id":"t-ci02","user_type":"T","src_host":"mon-01","target_service":"WinRM","target_host":"win-srv-ops-01","result":"SUCCESS"}
{"ts":"2026-02-26T08:23:16Z","event_type":"AUTH_LOGIN","source":"auth-gateway","user_id":"u-cbvh","user_type":"U","src_host":"win10-zh-02","target_service":"Splunk","target_host":"splunk-01","result":"SUCCESS"}
{"ts":"2026-02-26T08:23:40Z","event_type":"AUTH_LOGIN","source":"auth-gateway","user_id":"u-udax","user_type":"U","src_host":"vdi-zh-01","target_service":"WinRM","target_host":"win-srv-ops-01","result":"SUCCESS"}
{"ts":"2026-02-26T08:24:06Z","event_type":"AUTH_LOGIN","source":"auth-gateway","user_id":"t-ci01","user_type":"T","src_host":"kafka-01","target_service":"JIRA","target_host":"jira-01","result":"SUCCESS"}
{"ts":"2026-02-26T08:24:19Z","event_type":"AUTH_LOGIN","source":"auth-gateway","user_id":"s-etlj","user_type":"S","src_host":"svc-host-01","target_service":"Confluence","target_host":"conf-01","result":"SUCCESS"}
{"ts":"2026-02-26T08:24:33Z","event_type":"AUTH_LOGIN","source":"auth-gateway","user_id":"a-unix","user_type":"A","src_host":"unix-bastion-01","target_service":"SSH","target_host":"unix-bastion-01","result":"SUCCESS"}
{"ts":"2026-02-26T08:25:00Z","event_type":"AUTH_LOGIN","source":"auth-gateway","user_id":"t-ci02","user_type":"T","src_host":"ci-runner-01","target_service":"OracleSQLPlus","target_host":"ora-prod-01","result":"SUCCESS"}
{"ts":"2026-02-26T08:25:29Z","event_type":"AUTH_LOGIN","source":"auth-gateway","user_id":"a-krnl","user_type":"A","src_host":"unix-bastion-01","target_service":"Splunk","target_host":"splunk-01","result":"SUCCESS"}
{"ts":"2026-02-26T08:25:42Z","event_type":"AUTH_LOGIN","source":"auth-gateway","user_id":"a-unix","user_type":"A","src_host":"rhel9-app-01","target_service":"SSH","target_host":"unix-bastion-01","result":"SUCCESS"}
{"ts":"2026-02-26T08:25:59Z","event_type":"AUTH_LOGIN","source":"auth-gateway","user_id":"u-rcsn","user_type":"U","src_host":"win10-zh-01","target_service":"JIRA","target_host":"jira-01","result":"SUCCESS"}
{"ts":"2026-02-26T08:26:11Z","event_type":"AUTH_LOGIN","source":"auth-gateway","user_id":"t-orch","user_type":"T","src_host":"ci-runner-01","target_service":"Splunk","target_host":"splunk-01","result":"SUCCESS"}
{"ts":"2026-02-26T08:26:45Z","event_type":"AUTH_LOGIN","source":"auth-gateway","user_id":"o-orcl","user_type":"O","src_host":"ora-prod-01","target_service":"SSH","target_host":"unix-bastion-01","result":"SUCCESS"}
{"ts":"2026-02-26T08:26:59Z","event_type":"AUTH_LOGIN","source":"auth-gateway","user_id":"s-svc1","user_type":"S","src_host":"svc-host-01","target_service":"Splunk","target_host":"splunk-01","result":"SUCCESS"}
{"ts":"2026-02-26T08:27:17Z","event_type":"AUTH_LOGIN","source":"auth-gateway","user_id":"o-dba2","user_type":"O","src_host":"ora-bastion-01","target_service":"SSH","target_host":"unix-bastion-01","result":"SUCCESS"}
{"ts":"2026-02-26T08:27:40Z","event_type":"AUTH_LOGIN","source":"auth-gateway","user_id":"u-llti","user_type":"U","src_host":"win10-zh-02","target_service":"OracleSQLPlus","target_host":"ora-prod-01","result":"SUCCESS"}
{"ts":"2026-02-26T08:28:12Z","event_type":"AUTH_LOGIN","source":"auth-gateway","user_id":"u-yjch","user_type":"U","src_host":"vdi-zh-01","target_service":"Splunk","target_host":"splunk-01","result":"SUCCESS"}
{"ts":"2026-02-26T08:28:36Z","event_type":"AUTH_LOGIN","source":"auth-gateway","user_id":"o-dba2","user_type":"O","src_host":"ora-prod-01","target_service":"Splunk","target_host":"splunk-01","result":"SUCCESS"}
{"ts":"2026-02-26T08:28:53Z","event_type":"AUTH_LOGIN","source":"auth-gateway","user_id":"u-zbxo","user_type":"U","src_host":"vdi-zh-01","target_service":"SAP-FI","target_host":"sap-portal-01","result":"SUCCESS"}
{"ts":"2026-02-26T08:29:03Z","event_type":"AUTH_LOGIN","source":"auth-gateway","user_id":"o-test","user_type":"O","src_host":"ora-prod-01","target_service":"OracleSQLPlus","target_host":"ora-prod-01","result":"SUCCESS"}
{"ts":"2026-02-26T08:29:31Z","event_type":"AUTH_LOGIN","source":"auth-gateway","user_id":"u-zbxo","user_type":"U","src_host":"win10-zh-01","target_service":"SAP-FI","target_host":"sap-portal-01","result":"SUCCESS"}
{"ts":"2026-02-26T08:30:03Z","event_type":"AUTH_LOGIN","source":"auth-gateway","user_id":"s-etlj","user_type":"S","src_host":"svc-host-01","target_service":"SAP-FI","target_host":"sap-portal-01","result":"SUCCESS"}
{"ts":"2026-02-26T08:30:15Z","event_type":"AUTH_LOGIN","source":"auth-gateway","user_id":"u-xdvx","user_type":"U","src_host":"vdi-zh-01","target_service":"SSH","target_host":"unix-bastion-01","result":"SUCCESS"}
{"ts":"2026-02-26T08:30:27Z","event_type":"AUTH_LOGIN","source":"auth-gateway","user_id":"o-dba1","user_type":"O","src_host":"ora-test-01","target_service":"JIRA","target_host":"jira-01","result":"SUCCESS"}
{"ts":"2026-02-26T08:30:58Z","event_type":"AUTH_LOGIN","source":"auth-gateway","user_id":"x-secu","user_type":"X","src_host":"win-srv-ops-01","target_service":"JIRA","target_host":"jira-01","result":"SUCCESS"}
{"ts":"2026-02-26T08:31:12Z","event_type":"AUTH_LOGIN","source":"auth-gateway","user_id":"t-orch","user_type":"T","src_host":"kafka-01","target_service":"OracleSQLPlus","target_host":"ora-prod-01","result":"SUCCESS"}
{"ts":"2026-02-26T08:31:37Z","event_type":"AUTH_LOGIN","source":"auth-gateway","user_id":"u-rdmc","user_type":"U","src_host":"laptop-zh-11","target_service":"SSH","target_host":"unix-bastion-01","result":"SUCCESS"}
{"ts":"2026-02-26T08:32:12Z","event_type":"AUTH_LOGIN","source":"auth-gateway","user_id":"x-win1","user_type":"X","src_host":"dc-zh-01","target_service":"JIRA","target_host":"jira-01","result":"SUCCESS"}
{"ts":"2026-02-26T08:32:25Z","event_type":"AUTH_LOGIN","source":"auth-gateway","user_id":"s-svc1","user_type":"S","src_host":"svc-host-02","target_service":"Splunk","target_host":"splunk-01","result":"SUCCESS"}
{"ts":"2026-02-26T08:32:48Z","event_type":"AUTH_LOGIN","source":"auth-gateway","user_id":"x-win1","user_type":"X","src_host":"win-srv-ops-01","target_service":"Splunk","target_host":"splunk-01","result":"SUCCESS"}
{"ts":"2026-02-26T08:32:59Z","event_type":"AUTH_LOGIN","source":"auth-gateway","user_id":"s-svc2","user_type":"S","src_host":"svc-host-01","target_service":"WinRM","target_host":"win-srv-ops-01","result":"SUCCESS"}
{"ts":"2026-02-26T08:33:10Z","event_type":"AUTH_LOGIN","source":"auth-gateway","user_id":"a-ops2","user_type":"A","src_host":"rhel9-app-01","target_service":"WinRM","target_host":"win-srv-ops-01","result":"SUCCESS"}
{"ts":"2026-02-26T08:33:45Z","event_type":"AUTH_LOGIN","source":"auth-gateway","user_id":"u-rgwu","user_type":"U","src_host":"win10-zh-02","target_service":"JIRA","target_host":"jira-01","result":"SUCCESS"}
{"ts":"2026-02-26T08:34:01Z","event_type":"AUTH_LOGIN","source":"auth-gateway","user_id":"o-orcl","user_type":"O","src_host":"ora-prod-01","target_service":"Splunk","target_host":"splunk-01","result":"SUCCESS"}
{"ts":"2026-02-26T08:34:24Z","event_type":"AUTH_LOGIN","source":"auth-gateway","user_id":"u-egyk","user_type":"U","src_host":"laptop-zh-11","target_service":"Confluence","target_host":"conf-01","result":"SUCCESS"}
{"ts":"2026-02-26T08:34:41Z","event_type":"AUTH_LOGIN","source":"auth-gateway","user_id":"u-bacg","user_type":"U","src_host":"win10-zh-01","target_service":"Splunk","target_host":"splunk-01","result":"SUCCESS"}
{"ts":"2026-02-26T08:34:52Z","event_type":"AUTH_LOGIN","source":"auth-gateway","user_id":"s-batch","user_type":"S","src_host":"svc-host-01","target_service":"OracleSQLPlus","target_host":"ora-prod-01","result":"SUCCESS"}
{"ts":"2026-02-26T08:35:04Z","event_type":"AUTH_LOGIN","source":"auth-gateway","user_id":"t-ci01","user_type":"T","src_host":"ci-runner-01","target_service":"SSH","target_host":"unix-bastion-01","result":"SUCCESS"}
{"ts":"2026-02-26T08:35:19Z","event_type":"AUTH_LOGIN","source":"auth-gateway","user_id":"x-win1","user_type":"X","src_host":"dc-zh-02","target_service":"Splunk","target_host":"splunk-01","result":"SUCCESS"}
{"ts":"2026-02-26T08:35:35Z","event_type":"AUTH_LOGIN","source":"auth-gateway","user_id":"a-ops2","user_type":"A","src_host":"unix-bastion-01","target_service":"SAP-FI","target_host":"sap-portal-01","result":"SUCCESS"}
{"ts":"2026-02-26T08:35:57Z","event_type":"AUTH_LOGIN","source":"auth-gateway","user_id":"u-udax","user_type":"U","src_host":"vdi-zh-01","target_service":"Splunk","target_host":"splunk-01","result":"SUCCESS"}
{"ts":"2026-02-26T08:36:32Z","event_type":"AUTH_LOGIN","source":"auth-gateway","user_id":"t-sec1","user_type":"T","src_host":"mon-01","target_service":"Splunk","target_host":"splunk-01","result":"SUCCESS"}
{"ts":"2026-02-26T08:36:55Z","event_type":"AUTH_LOGIN","source":"auth-gateway","user_id":"t-back","user_type":"T","src_host":"kafka-01","target_service":"WinRM","target_host":"win-srv-ops-01","result":"SUCCESS"}
{"ts":"2026-02-26T08:37:26Z","event_type":"AUTH_LOGIN","source":"auth-gateway","user_id":"t-moni","user_type":"T","src_host":"ci-runner-01","target_service":"Splunk","target_host":"splunk-01","result":"SUCCESS"}
{"ts":"2026-02-26T08:37:42Z","event_type":"AUTH_LOGIN","source":"auth-gateway","user_id":"u-cbvh","user_type":"U","src_host":"win10-zh-01","target_service":"JIRA","target_host":"jira-01","result":"SUCCESS"}
{"ts":"2026-02-26T08:38:10Z","event_type":"AUTH_LOGIN","source":"auth-gateway","user_id":"t-kafk","user_type":"T","src_host":"ci-runner-01","target_service":"OracleSQLPlus","target_host":"ora-prod-01","result":"SUCCESS"}
{"ts":"2026-02-26T08:38:43Z","event_type":"AUTH_LOGIN","source":"auth-gateway","user_id":"a-krnl","user_type":"A","src_host":"unix-bastion-01","target_service":"SAP-FI","target_host":"sap-portal-01","result":"SUCCESS"}
{"ts":"2026-02-26T08:39:11Z","event_type":"AUTH_LOGIN","source":"auth-gateway","user_id":"x-admn","user_type":"X","src_host":"win-srv-ops-01","target_service":"OracleSQLPlus","target_host":"ora-prod-01","result":"SUCCESS"}
{"ts":"2026-02-26T08:39:26Z","event_type":"AUTH_LOGIN","source":"auth-gateway","user_id":"u-rcsn","user_type":"U","src_host":"win10-zh-01","target_service":"OracleSQLPlus","target_host":"ora-prod-01","result":"SUCCESS"}
{"ts":"2026-02-26T08:39:41Z","event_type":"AUTH_LOGIN","source":"auth-gateway","user_id":"u-bacg","user_type":"U","src_host":"win10-zh-01","target_service":"OracleSQLPlus","target_host":"ora-prod-01","result":"SUCCESS"}
{"ts":"2026-02-26T08:40:12Z","event_type":"AUTH_LOGIN","source":"auth-gateway","user_id":"u-rdmc","user_type":"U","src_host":"win10-zh-01","target_service":"Splunk","target_host":"splunk-01","result":"SUCCESS"}
{"ts":"2026-02-26T08:40:40Z","event_type":"AUTH_LOGIN","source":"auth-gateway","user_id":"u-rdmc","user_type":"U","src_host":"win10-zh-01","target_service":"OracleSQLPlus","target_host":"ora-prod-01","result":"SUCCESS"}
{"ts":"2026-02-26T08:41:09Z","event_type":"AUTH_LOGIN","source":"auth-gateway","user_id":"u-hqta","user_type":"U","src_host":"vdi-zh-01","target_service":"Splunk","target_host":"splunk-01","result":"SUCCESS"}
{"ts":"2026-02-26T08:41:27Z","event_type":"AUTH_LOGIN","source":"auth-gateway","user_id":"u-llti","user_type":"U","src_host":"vdi-zh-01","target_service":"WinRM","target_host":"win-srv-ops-01","result":"SUCCESS"}
{"ts":"2026-02-26T08:41:44Z","event_type":"AUTH_LOGIN","source":"auth-gateway","user_id":"u-rjut","user_type":"U","src_host":"win10-zh-02","target_service":"Splunk","target_host":"splunk-01","result":"SUCCESS"}
{"ts":"2026-02-26T08:42:15Z","event_type":"AUTH_LOGIN","source":"auth-gateway","user_id":"s-batch","user_type":"S","src_host":"svc-host-02","target_service":"Confluence","target_host":"conf-01","result":"SUCCESS"}
{"ts":"2026-02-26T08:42:35Z","event_type":"AUTH_LOGIN","source":"auth-gateway","user_id":"t-ci01","user_type":"T","src_host":"ci-runner-01","target_service":"SAP-FI","target_host":"sap-portal-01","result":"SUCCESS"}
{"ts":"2026-02-26T08:42:59Z","event_type":"AUTH_LOGIN","source":"auth-gateway","user_id":"s-app2","user_type":"S","src_host":"svc-host-01","target_service":"OracleSQLPlus","target_host":"ora-prod-01","result":"SUCCESS"}
{"ts":"2026-02-26T08:43:11Z","event_type":"AUTH_LOGIN","source":"auth-gateway","user_id":"o-orcl","user_type":"O","src_host":"ora-bastion-01","target_service":"JIRA","target_host":"jira-01","result":"SUCCESS"}
{"ts":"2026-02-26T08:43:29Z","event_type":"AUTH_LOGIN","source":"auth-gateway","user_id":"u-osiz","user_type":"U","src_host":"win10-zh-01","target_service":"Confluence","target_host":"conf-01","result":"SUCCESS"}
{"ts":"2026-02-26T08:43:46Z","event_type":"AUTH_LOGIN","source":"auth-gateway","user_id":"a-unix","user_type":"A","src_host":"unix-bastion-01","target_service":"Confluence","target_host":"conf-01","result":"SUCCESS"}
{"ts":"2026-02-26T08:44:10Z","event_type":"AUTH_LOGIN","source":"auth-gateway","user_id":"o-orcl","user_type":"O","src_host":"ora-test-01","target_service":"WinRM","target_host":"win-srv-ops-01","result":"SUCCESS"}
{"ts":"2026-02-26T08:44:39Z","event_type":"AUTH_LOGIN","source":"auth-gateway","user_id":"t-sec2","user_type":"T","src_host":"kafka-01","target_service":"WinRM","target_host":"win-srv-ops-01","result":"SUCCESS"}
{"ts":"2026-02-26T08:44:49Z","event_type":"AUTH_LOGIN","source":"auth-gateway","user_id":"s-svc1","user_type":"S","src_host":"svc-host-02","target_service":"SSH","target_host":"unix-bastion-01","result":"SUCCESS"}
{"ts":"2026-02-26T08:45:20Z","event_type":"AUTH_LOGIN","source":"auth-gateway","user_id":"u-rgwu","user_type":"U","src_host":"vdi-zh-01","target_service":"JIRA","target_host":"jira-01","result":"SUCCESS"}
{"ts":"2026-02-26T08:45:33Z","event_type":"AUTH_LOGIN","source":"auth-gateway","user_id":"u-rgwu","user_type":"U","src_host":"win10-zh-02","target_service":"WinRM","target_host":"win-srv-ops-01","result":"SUCCESS"}
{"ts":"2026-02-26T08:45:51Z","event_type":"AUTH_LOGIN","source":"auth-gateway","user_id":"u-cbvh","user_type":"U","src_host":"win10-zh-02","target_service":"OracleSQLPlus","target_host":"ora-prod-01","result":"SUCCESS"}
{"ts":"2026-02-26T08:46:23Z","event_type":"AUTH_LOGIN","source":"auth-gateway","user_id":"a-root","user_type":"A","src_host":"rhel9-db-01","target_service":"JIRA","target_host":"jira-01","result":"SUCCESS"}
{"ts":"2026-02-26T08:46:53Z","event_type":"AUTH_LOGIN","source":"auth-gateway","user_id":"u-rjut","user_type":"U","src_host":"laptop-zh-11","target_service":"OracleSQLPlus","target_host":"ora-prod-01","result":"SUCCESS"}
{"ts":"2026-02-26T08:47:11Z","event_type":"AUTH_LOGIN","source":"auth-gateway","user_id":"u-rcsn","user_type":"U","src_host":"laptop-zh-11","target_service":"SAP-FI","target_host":"sap-portal-01","result":"SUCCESS"}
{"ts":"2026-02-26T08:47:29Z","event_type":"AUTH_LOGIN","source":"auth-gateway","user_id":"u-xdvx","user_type":"U","src_host":"vdi-zh-01","target_service":"SAP-FI","target_host":"sap-portal-01","result":"SUCCESS"}
{"ts":"2026-02-26T08:48:03Z","event_type":"AUTH_LOGIN","source":"auth-gateway","user_id":"u-osiz","user_type":"U","src_host":"vdi-zh-01","target_service":"WinRM","target_host":"win-srv-ops-01","result":"SUCCESS"}
{"ts":"2026-02-26T08:48:18Z","event_type":"AUTH_LOGIN","source":"auth-gateway","user_id":"t-kafk","user_type":"T","src_host":"kafka-01","target_service":"Splunk","target_host":"splunk-01","result":"SUCCESS"}
{"ts":"2026-02-26T08:48:50Z","event_type":"AUTH_LOGIN","source":"auth-gateway","user_id":"x-win2","user_type":"X","src_host":"dc-zh-01","target_service":"OracleSQLPlus","target_host":"ora-prod-01","result":"SUCCESS"}
{"ts":"2026-02-26T08:49:03Z","event_type":"AUTH_LOGIN","source":"auth-gateway","user_id":"u-bacg","user_type":"U","src_host":"win10-zh-02","target_service":"WinRM","target_host":"win-srv-ops-01","result":"SUCCESS"}
{"ts":"2026-02-26T08:49:30Z","event_type":"AUTH_LOGIN","source":"auth-gateway","user_id":"u-xdvx","user_type":"U","src_host":"vdi-zh-01","target_service":"SSH","target_host":"unix-bastion-01","result":"SUCCESS"}
{"ts":"2026-02-26T08:49:58Z","event_type":"AUTH_LOGIN","source":"auth-gateway","user_id":"o-data","user_type":"O","src_host":"ora-test-01","target_service":"JIRA","target_host":"jira-01","result":"SUCCESS"}
{"ts":"2026-02-26T08:50:12Z","event_type":"AUTH_LOGIN","source":"auth-gateway","user_id":"u-xdvx","user_type":"U","src_host":"vdi-zh-01","target_service":"Confluence","target_host":"conf-01","result":"SUCCESS"}
{"ts":"2026-02-26T08:50:47Z","event_type":"AUTH_LOGIN","source":"auth-gateway","user_id":"u-xdvx","user_type":"U","src_host":"win10-zh-02","target_service":"Confluence","target_host":"conf-01","result":"SUCCESS"}
{"ts":"2026-02-26T08:51:18Z","event_type":"AUTH_LOGIN","source":"auth-gateway","user_id":"u-rdmc","user_type":"U","src_host":"win10-zh-01","target_service":"WinRM","target_host":"win-srv-ops-01","result":"SUCCESS"}
{"ts":"2026-02-26T08:51:39Z","event_type":"AUTH_LOGIN","source":"auth-gateway","user_id":"t-ci02","user_type":"T","src_host":"mon-01","target_service":"OracleSQLPlus","target_host":"ora-prod-01","result":"SUCCESS"}
{"ts":"2026-02-26T08:52:08Z","event_type":"AUTH_LOGIN","source":"auth-gateway","user_id":"t-kafk","user_type":"T","src_host":"ci-runner-01","target_service":"JIRA","target_host":"jira-01","result":"SUCCESS"}
{"ts":"2026-02-26T08:52:23Z","event_type":"AUTH_LOGIN","source":"auth-gateway","user_id":"t-sec2","user_type":"T","src_host":"ci-runner-01","target_service":"SSH","target_host":"unix-bastion-01","result":"SUCCESS"}
{"ts":"2026-02-26T08:52:46Z","event_type":"AUTH_LOGIN","source":"auth-gateway","user_id":"u-ihhe","user_type":"U","src_host":"vdi-zh-01","target_service":"JIRA","target_host":"jira-01","result":"SUCCESS"}
{"ts":"2026-02-26T08:53:21Z","event_type":"AUTH_LOGIN","source":"auth-gateway","user_id":"x-win1","user_type":"X","src_host":"win-srv-ops-01","target_service":"SSH","target_host":"unix-bastion-01","result":"SUCCESS"}
{"ts":"2026-02-26T08:53:54Z","event_type":"AUTH_LOGIN","source":"auth-gateway","user_id":"t-sec2","user_type":"T","src_host":"mon-01","target_service":"JIRA","target_host":"jira-01","result":"SUCCESS"}
{"ts":"2026-02-26T08:54:09Z","event_type":"AUTH_LOGIN","source":"auth-gateway","user_id":"t-sec1","user_type":"T","src_host":"ci-runner-01","target_service":"WinRM","target_host":"win-srv-ops-01","result":"SUCCESS"}
{"ts":"2026-02-26T08:54:31Z","event_type":"AUTH_LOGIN","source":"auth-gateway","user_id":"u-xdvx","user_type":"U","src_host":"laptop-zh-11","target_service":"SSH","target_host":"unix-bastion-01","result":"SUCCESS"}
{"ts":"2026-02-26T08:54:48Z","event_type":"AUTH_LOGIN","source":"auth-gateway","user_id":"u-dcmd","user_type":"U","src_host":"laptop-zh-11","target_service":"SSH","target_host":"unix-bastion-01","result":"SUCCESS"}
{"ts":"2026-02-26T08:55:09Z","event_type":"AUTH_LOGIN","source":"auth-gateway","user_id":"u-yjch","user_type":"U","src_host":"win10-zh-02","target_service":"SSH","target_host":"unix-bastion-01","result":"SUCCESS"}
{"ts":"2026-02-26T08:55:26Z","event_type":"AUTH_LOGIN","source":"auth-gateway","user_id":"u-ihhe","user_type":"U","src_host":"win10-zh-02","target_service":"WinRM","target_host":"win-srv-ops-01","result":"SUCCESS"}

